<?xml version="1.0" encoding="UTF-8"?>
<testsuite name="application.UseCaseTest" tests="1" skipped="0" failures="0" errors="0" timestamp="2023-07-14T19:55:08" hostname="LAPTOP-TJK6IAE0" time="0.055">
  <properties/>
  <testcase name="testCreateUseCase()" classname="application.UseCaseTest" time="0.055"/>
  <system-out><![CDATA[]]></system-out>
  <system-err><![CDATA[]]></system-err>
</testsuite>
