<?xml version="1.0" encoding="UTF-8"?>
<testsuite name="com.fullcycle.admin.domain.CategoryTest" tests="1" skipped="0" failures="0" errors="0" timestamp="2023-07-15T02:13:35" hostname="LAPTOP-TJK6IAE0" time="0.055">
  <properties/>
  <testcase name="givenAValidInactiveCategory_whenCallActivate_thenReturnCategoryActivated()" classname="com.fullcycle.admin.domain.CategoryTest" time="0.055"/>
  <system-out><![CDATA[]]></system-out>
  <system-err><![CDATA[]]></system-err>
</testsuite>
