<?xml version="1.0" encoding="UTF-8"?>
<testsuite name="com.fullcycle.admin.domain.CategoryTest" tests="2" skipped="0" failures="0" errors="0" timestamp="2023-07-14T19:55:10" hostname="LAPTOP-TJK6IAE0" time="0.065">
  <properties/>
  <testcase name="givenAValidParams_whenCallNewCategory_thenInstantiateACategory()" classname="com.fullcycle.admin.domain.CategoryTest" time="0.045"/>
  <testcase name="givenAnInvalidNullName_whenCallNewCategoryAndValidate_thenShouldReceiveError()" classname="com.fullcycle.admin.domain.CategoryTest" time="0.016"/>
  <system-out><![CDATA[]]></system-out>
  <system-err><![CDATA[]]></system-err>
</testsuite>
